-------------------------------------------------------------------------------
Test set: test.MathTests.AreaTest
-------------------------------------------------------------------------------
Tests run: 1, Failures: 1, Errors: 0, Skipped: 0, Time elapsed: 2.268 sec <<< FAILURE!
testArea(test.MathTests.AreaTest)  Time elapsed: 0.012 sec  <<< FAILURE!
java.lang.AssertionError: expected [3] but found [25]
	at org.testng.Assert.fail(Assert.java:94)
	at org.testng.Assert.failNotEquals(Assert.java:494)
	at org.testng.Assert.assertEquals(Assert.java:123)
	at org.testng.Assert.assertEquals(Assert.java:370)
	at org.testng.Assert.assertEquals(Assert.java:380)
	at test.MathTests.AreaTest.testArea(AreaTest.java:38)
